[LOG] System::create                           : Header version = 2.02.04. Current version = 2.02.04.
[LOG] Manager::init                            : maxchannels = 256 studioflags = 00000006 flags 00000000 extradriverdata 0x0.
[LOG] SystemI::init                            : Initialize version=20204 (121702), maxchannels=256, flags=0x00020000
[LOG] SystemI::setOutputInternal               : Setting output to 'FMOD Core Audio Output'
[LOG] OutputCoreAudio::init                    : Output running 2 channels at 44100Hz sample rate.
[LOG] OutputCoreAudio::init                    : Maximum hardware read size: 512 samples, Software buffer size: 512 samples, Number of software buffers: 4.
[LOG] SystemI::init                            : Output requires a sample rate of 44100Hz, resampling will occur.
[LOG] Thread::initThread                       : Init FMOD stream thread. Affinity: 0x4000000000000003, Priority: 0xFFFF7FFB, Stack Size: 98304, Semaphore: No, Sleep Time: 10, Looping: Yes.
[LOG] Thread::initThread                       : Init FMOD mixer thread. Affinity: 0x4000000000000001, Priority: 0xFFFF7FFA, Stack Size: 81920, Semaphore: Yes, Sleep Time: 0, Looping: Yes.
[LOG] AsyncManager::init                       : manager 0x7fb28a1efa08 isAsync 0 updatePeriod 0.02
[LOG] AsyncManager::init                       : done
[LOG] PlaybackSystem::init                     : 
[LOG] Thread::initThread                       : Init FMOD Studio sample load thread. Affinity: 0x4000000000000003, Priority: 0xFFFF7FFD, Stack Size: 98304, Semaphore: No, Sleep Time: 1, Looping: No.
[LOG] PlaybackSystem::init                     : done
[LOG] Thread::initThread                       : Init FMOD Studio bank load thread. Affinity: 0x4000000000000003, Priority: 0xFFFF7FFD, Stack Size: 98304, Semaphore: No, Sleep Time: 1, Looping: No.
[LOG] Manager::init                            : done.
[LOG] Manager::readBank                        : fileversion = 141, compatVersion = 140 (oldest = 44, newest = 141)
[LOG] SystemI::createSoundInternal             : Create name='', mode=0x02000202
[LOG] SystemI::createSoundInternal             : exinfo->cbsize             = 224
[LOG] SystemI::createSoundInternal             : exinfo->length             = 20960
[LOG] SystemI::createSoundInternal             : exinfo->fileoffset         = 4352
[LOG] SystemI::createSoundInternal             : exinfo->numsubsounds       = 1
[LOG] SystemI::createSoundInternal             : exinfo->inclusionlist      = 0x700003f9994c
[LOG] SystemI::createSoundInternal             : exinfo->inclusionlistnum   = 1
[LOG] SystemI::createSoundInternal             : exinfo->suggestedsoundtype = 5
[LOG] SystemI::createSoundInternal             : exinfo->useropen           = 0x190ae7cbc
[LOG] SystemI::createSoundInternal             : exinfo->userclose          = 0x190ae7d73
[LOG] SystemI::createSoundInternal             : exinfo->userread           = 0x190ae7da0
[LOG] SystemI::createSoundInternal             : exinfo->userseek           = 0x190ae7e3e
[LOG] SystemI::createSoundInternal             : exinfo->fileuserdata       = 0x7fb238a4adb8
[LOG] SystemI::createSoundInternal             : exinfo->initialseekpostype = 1
[LOG] SystemI::DSPCodecPoolRegister            : register codec pool for pool type 5
[LOG] SystemI::createSoundInternal             : Sample 0/1: name='Menu_Hover', format=5, channels=1, frequency=48000, lengthbytes=2144, lengthpcm=11563, pcmblocksize=0, loopstart=0, loopend=0, mode=0x00000000, channelmask=0x00000000, channelorder=0, peakvolume=0.131012.
[LOG] SystemI::createSoundInternal             : Create name='', mode=0x02000202
[LOG] SystemI::createSoundInternal             : exinfo->cbsize             = 224
[LOG] SystemI::createSoundInternal             : exinfo->length             = 20960
[LOG] SystemI::createSoundInternal             : exinfo->fileoffset         = 4352
[LOG] SystemI::createSoundInternal             : exinfo->numsubsounds       = 1
[LOG] SystemI::createSoundInternal             : exinfo->inclusionlist      = 0x700003f9994c
[LOG] SystemI::createSoundInternal             : exinfo->inclusionlistnum   = 1
[LOG] SystemI::createSoundInternal             : exinfo->suggestedsoundtype = 5
[LOG] SystemI::createSoundInternal             : exinfo->useropen           = 0x190ae7cbc
[LOG] SystemI::createSoundInternal             : exinfo->userclose          = 0x190ae7d73
[LOG] SystemI::createSoundInternal             : exinfo->userread           = 0x190ae7da0
[LOG] SystemI::createSoundInternal             : exinfo->userseek           = 0x190ae7e3e
[LOG] SystemI::createSoundInternal             : exinfo->fileuserdata       = 0x7fb22b2d69d8
[LOG] SystemI::createSoundInternal             : exinfo->initialseekpostype = 1
[LOG] SystemI::DSPCodecPoolRegister            : register codec pool for pool type 5
[LOG] SystemI::createSoundInternal             : Sample 0/1: name='Menu_Select-001', format=5, channels=1, frequency=48000, lengthbytes=3104, lengthpcm=15943, pcmblocksize=0, loopstart=0, loopend=0, mode=0x00000000, channelmask=0x00000000, channelorder=0, peakvolume=0.215851.
[LOG] SystemI::createSoundInternal             : Create name='', mode=0x02000202
[LOG] SystemI::createSoundInternal             : exinfo->cbsize             = 224
[LOG] SystemI::createSoundInternal             : exinfo->length             = 20960
[LOG] SystemI::createSoundInternal             : exinfo->fileoffset         = 4352
[LOG] SystemI::createSoundInternal             : exinfo->numsubsounds       = 1
[LOG] SystemI::createSoundInternal             : exinfo->inclusionlist      = 0x700003f9994c
[LOG] SystemI::createSoundInternal             : exinfo->inclusionlistnum   = 1
[LOG] SystemI::createSoundInternal             : exinfo->suggestedsoundtype = 5
[LOG] SystemI::createSoundInternal             : exinfo->useropen           = 0x190ae7cbc
[LOG] SystemI::createSoundInternal             : exinfo->userclose          = 0x190ae7d73
[LOG] SystemI::createSoundInternal             : exinfo->userread           = 0x190ae7da0
[LOG] SystemI::createSoundInternal             : exinfo->userseek           = 0x190ae7e3e
[LOG] SystemI::createSoundInternal             : exinfo->fileuserdata       = 0x7fb22dac0098
[LOG] SystemI::createSoundInternal             : exinfo->initialseekpostype = 1
[LOG] SystemI::DSPCodecPoolRegister            : register codec pool for pool type 5
[LOG] SystemI::createSoundInternal             : Sample 0/1: name='Menu_Back', format=5, channels=1, frequency=48000, lengthbytes=4256, lengthpcm=19681, pcmblocksize=0, loopstart=0, loopend=0, mode=0x00000000, channelmask=0x00000000, channelorder=0, peakvolume=0.575195.
[LOG] SystemI::createSoundInternal             : Create name='', mode=0x02000202
[LOG] SystemI::createSoundInternal             : exinfo->cbsize             = 224
[LOG] SystemI::createSoundInternal             : exinfo->length             = 20960
[LOG] SystemI::createSoundInternal             : exinfo->fileoffset         = 4352
[LOG] SystemI::createSoundInternal             : exinfo->numsubsounds       = 1
[LOG] SystemI::createSoundInternal             : exinfo->inclusionlist      = 0x700003f9994c
[LOG] SystemI::createSoundInternal             : exinfo->inclusionlistnum   = 1
[LOG] SystemI::createSoundInternal             : exinfo->suggestedsoundtype = 5
[LOG] SystemI::createSoundInternal             : exinfo->useropen           = 0x190ae7cbc
[LOG] SystemI::createSoundInternal             : exinfo->userclose          = 0x190ae7d73
[LOG] SystemI::createSoundInternal             : exinfo->userread           = 0x190ae7da0
[LOG] SystemI::createSoundInternal             : exinfo->userseek           = 0x190ae7e3e
[LOG] SystemI::createSoundInternal             : exinfo->fileuserdata       = 0x7fb22c23e5c8
[LOG] SystemI::createSoundInternal             : exinfo->initialseekpostype = 1
[LOG] SystemI::DSPCodecPoolRegister            : register codec pool for pool type 5
[LOG] SystemI::createSoundInternal             : Sample 0/1: name='Play_Button', format=5, channels=1, frequency=48000, lengthbytes=11200, lengthpcm=62039, pcmblocksize=0, loopstart=0, loopend=0, mode=0x00000000, channelmask=0x00000000, channelorder=0, peakvolume=0.863190.
[LOG] SystemI::createSoundInternal             : Create name='', mode=0x02000202
[LOG] SystemI::createSoundInternal             : exinfo->cbsize             = 224
[LOG] SystemI::createSoundInternal             : exinfo->length             = 24090880
[LOG] SystemI::createSoundInternal             : exinfo->fileoffset         = 169984
[LOG] SystemI::createSoundInternal             : exinfo->numsubsounds       = 1
[LOG] SystemI::createSoundInternal             : exinfo->inclusionlist      = 0x700003f9994c
[LOG] SystemI::createSoundInternal             : exinfo->inclusionlistnum   = 1
[LOG] SystemI::createSoundInternal             : exinfo->suggestedsoundtype = 5
[LOG] SystemI::createSoundInternal             : exinfo->useropen           = 0x190ae7cbc
[LOG] SystemI::createSoundInternal             : exinfo->userclose          = 0x190ae7d73
[LOG] SystemI::createSoundInternal             : exinfo->userread           = 0x190ae7da0
[LOG] SystemI::createSoundInternal             : exinfo->userseek           = 0x190ae7e3e
[LOG] SystemI::createSoundInternal             : exinfo->fileuserdata       = 0x7fb238ff0db8
[LOG] SystemI::createSoundInternal             : exinfo->initialseekpostype = 1
[LOG] SystemI::DSPCodecPoolRegister            : register codec pool for pool type 5
[LOG] SystemI::createSoundInternal             : Sample 0/1: name='Tape_Bleeps_1', format=5, channels=2, frequency=48000, lengthbytes=79392, lengthpcm=356658, pcmblocksize=0, loopstart=0, loopend=0, mode=0x00000000, channelmask=0x00000000, channelorder=0, peakvolume=0.093628.
[LOG] SystemI::createSoundInternal             : Create name='', mode=0x02000202
[LOG] SystemI::createSoundInternal             : exinfo->cbsize             = 224
[LOG] SystemI::createSoundInternal             : exinfo->length             = 24090880
[LOG] SystemI::createSoundInternal             : exinfo->fileoffset         = 169984
[LOG] SystemI::createSoundInternal             : exinfo->numsubsounds       = 1
[LOG] SystemI::createSoundInternal             : exinfo->inclusionlist      = 0x700003f9994c
[LOG] SystemI::createSoundInternal             : exinfo->inclusionlistnum   = 1
[LOG] SystemI::createSoundInternal             : exinfo->suggestedsoundtype = 5
[LOG] SystemI::createSoundInternal             : exinfo->useropen           = 0x190ae7cbc
[LOG] SystemI::createSoundInternal             : exinfo->userclose          = 0x190ae7d73
[LOG] SystemI::createSoundInternal             : exinfo->userread           = 0x190ae7da0
[LOG] SystemI::createSoundInternal             : exinfo->userseek           = 0x190ae7e3e
[LOG] SystemI::createSoundInternal             : exinfo->fileuserdata       = 0x7fb238ff0db8
[LOG] SystemI::createSoundInternal             : exinfo->initialseekpostype = 1
[LOG] SystemI::DSPCodecPoolRegister            : register codec pool for pool type 5
[LOG] SystemI::createSoundInternal             : Sample 0/1: name='WolfHowl_4', format=5, channels=2, frequency=48000, lengthbytes=19552, lengthpcm=136000, pcmblocksize=0, loopstart=0, loopend=0, mode=0x00000000, channelmask=0x00000000, channelorder=0, peakvolume=0.152478.
[LOG] SystemI::createSoundInternal             : Create name='', mode=0x02000202
[LOG] SystemI::createSoundInternal             : exinfo->cbsize             = 224
[LOG] SystemI::createSoundInternal             : exinfo->length             = 24090880
[LOG] SystemI::createSoundInternal             : exinfo->fileoffset         = 169984
[LOG] SystemI::createSoundInternal             : exinfo->numsubsounds       = 1
[LOG] SystemI::createSoundInternal             : exinfo->inclusionlist      = 0x700003f9994c
[LOG] SystemI::createSoundInternal             : exinfo->inclusionlistnum   = 1
[LOG] SystemI::createSoundInternal             : exinfo->suggestedsoundtype = 5
[LOG] SystemI::createSoundInternal             : exinfo->useropen           = 0x190ae7cbc
[LOG] SystemI::createSoundInternal             : exinfo->userclose          = 0x190ae7d73
[LOG] SystemI::createSoundInternal             : exinfo->userread           = 0x190ae7da0
[LOG] SystemI::createSoundInternal             : exinfo->userseek           = 0x190ae7e3e
[LOG] SystemI::createSoundInternal             : exinfo->fileuserdata       = 0x7fb238ff0db8
[LOG] SystemI::createSoundInternal             : exinfo->initialseekpostype = 1
[LOG] SystemI::DSPCodecPoolRegister            : register codec pool for pool type 5
[LOG] SystemI::createSoundInternal             : Sample 0/1: name='Tape_PlayStop_1', format=5, channels=2, frequency=48000, lengthbytes=76384, lengthpcm=320992, pcmblocksize=0, loopstart=0, loopend=0, mode=0x00000000, channelmask=0x00000000, channelorder=0, peakvolume=0.109192.
[LOG] SystemI::createSoundInternal             : Create name='', mode=0x02000202
[LOG] SystemI::createSoundInternal             : exinfo->cbsize             = 224
[LOG] SystemI::createSoundInternal             : exinfo->length             = 24090880
[LOG] SystemI::createSoundInternal             : exinfo->fileoffset         = 169984
[LOG] SystemI::createSoundInternal             : exinfo->numsubsounds       = 1
[LOG] SystemI::createSoundInternal             : exinfo->inclusionlist      = 0x700003f9994c
[LOG] SystemI::createSoundInternal             : exinfo->inclusionlistnum   = 1
[LOG] SystemI::createSoundInternal             : exinfo->suggestedsoundtype = 5
[LOG] SystemI::createSoundInternal             : exinfo->useropen           = 0x190ae7cbc
[LOG] SystemI::createSoundInternal             : exinfo->userclose          = 0x190ae7d73
[LOG] SystemI::createSoundInternal             : exinfo->userread           = 0x190ae7da0
[LOG] SystemI::createSoundInternal             : exinfo->userseek           = 0x190ae7e3e
[LOG] SystemI::createSoundInternal             : exinfo->fileuserdata       = 0x7fb238ff0db8
[LOG] SystemI::createSoundInternal             : exinfo->initialseekpostype = 1
[LOG] SystemI::DSPCodecPoolRegister            : register codec pool for pool type 5
[LOG] SystemI::createSoundInternal             : Sample 0/1: name='415873__inspectorj__buzzing-electric-lamp-a', format=5, channels=2, frequency=48000, lengthbytes=124544, lengthpcm=266969, pcmblocksize=0, loopstart=0, loopend=0, mode=0x00000000, channelmask=0x00000000, channelorder=0, peakvolume=0.318167.
[LOG] SystemI::createSoundInternal             : Create name='', mode=0x02000202
[LOG] SystemI::createSoundInternal             : exinfo->cbsize             = 224
[LOG] SystemI::createSoundInternal             : exinfo->length             = 24090880
[LOG] SystemI::createSoundInternal             : exinfo->fileoffset         = 169984
[LOG] SystemI::createSoundInternal             : exinfo->numsubsounds       = 1
[LOG] SystemI::createSoundInternal             : exinfo->inclusionlist      = 0x700003f9994c
[LOG] SystemI::createSoundInternal             : exinfo->inclusionlistnum   = 1
[LOG] SystemI::createSoundInternal             : exinfo->suggestedsoundtype = 5
[LOG] SystemI::createSoundInternal             : exinfo->useropen           = 0x190ae7cbc
[LOG] SystemI::createSoundInternal             : exinfo->userclose          = 0x190ae7d73
[LOG] SystemI::createSoundInternal             : exinfo->userread           = 0x190ae7da0
[LOG] SystemI::createSoundInternal             : exinfo->userseek           = 0x190ae7e3e
[LOG] SystemI::createSoundInternal             : exinfo->fileuserdata       = 0x7fb238ff0db8
[LOG] SystemI::createSoundInternal             : exinfo->initialseekpostype = 1
[LOG] SystemI::DSPCodecPoolRegister            : register codec pool for pool type 5
[LOG] SystemI::createSoundInternal             : Sample 0/1: name='524582__bliind__sparksfly11', format=5, channels=1, frequency=48000, lengthbytes=15488, lengthpcm=70554, pcmblocksize=0, loopstart=0, loopend=0, mode=0x00000000, channelmask=0x00000000, channelorder=0, peakvolume=0.371865.
[LOG] SystemI::createSoundInternal             : Create name='', mode=0x02000202
[LOG] SystemI::createSoundInternal             : exinfo->cbsize             = 224
[LOG] SystemI::createSoundInternal             : exinfo->length             = 24090880
[LOG] SystemI::createSoundInternal             : exinfo->fileoffset         = 169984
[LOG] SystemI::createSoundInternal             : exinfo->numsubsounds       = 1
[LOG] SystemI::createSoundInternal             : exinfo->inclusionlist      = 0x700003f9994c
[LOG] SystemI::createSoundInternal             : exinfo->inclusionlistnum   = 1
[LOG] SystemI::createSoundInternal             : exinfo->suggestedsoundtype = 5
[LOG] SystemI::createSoundInternal             : exinfo->useropen           = 0x190ae7cbc
[LOG] SystemI::createSoundInternal             : exinfo->userclose          = 0x190ae7d73
[LOG] SystemI::createSoundInternal             : exinfo->userread           = 0x190ae7da0
[LOG] SystemI::createSoundInternal             : exinfo->userseek           = 0x190ae7e3e
[LOG] SystemI::createSoundInternal             : exinfo->fileuserdata       = 0x7fb238ff0db8
[LOG] SystemI::createSoundInternal             : exinfo->initialseekpostype = 1
[LOG] SystemI::DSPCodecPoolRegister            : register codec pool for pool type 5
[LOG] SystemI::createSoundInternal             : Sample 0/1: name='WolfHowl_1', format=5, channels=2, frequency=48000, lengthbytes=26112, lengthpcm=220550, pcmblocksize=0, loopstart=0, loopend=0, mode=0x00000000, channelmask=0x00000000, channelorder=0, peakvolume=0.073336.
[LOG] SystemI::createSoundInternal             : Create name='', mode=0x02000202
[LOG] SystemI::createSoundInternal             : exinfo->cbsize             = 224
[LOG] SystemI::createSoundInternal             : exinfo->length             = 24090880
[LOG] SystemI::createSoundInternal             : exinfo->fileoffset         = 169984
[LOG] SystemI::createSoundInternal             : exinfo->numsubsounds       = 1
[LOG] SystemI::createSoundInternal             : exinfo->inclusionlist      = 0x700003f9994c
[LOG] SystemI::createSoundInternal             : exinfo->inclusionlistnum   = 1
[LOG] SystemI::createSoundInternal             : exinfo->suggestedsoundtype = 5
[LOG] SystemI::createSoundInternal             : exinfo->useropen           = 0x190ae7cbc
[LOG] SystemI::createSoundInternal             : exinfo->userclose          = 0x190ae7d73
[LOG] SystemI::createSoundInternal             : exinfo->userread           = 0x190ae7da0
[LOG] SystemI::createSoundInternal             : exinfo->userseek           = 0x190ae7e3e
[LOG] SystemI::createSoundInternal             : exinfo->fileuserdata       = 0x7fb238ff0db8
[LOG] SystemI::createSoundInternal             : exinfo->initialseekpostype = 1
[LOG] SystemI::DSPCodecPoolRegister            : register codec pool for pool type 5
[LOG] SystemI::createSoundInternal             : Sample 0/1: name='Tape_PlayStop_2', format=5, channels=2, frequency=48000, lengthbytes=67936, lengthpcm=285326, pcmblocksize=0, loopstart=0, loopend=0, mode=0x00000000, channelmask=0x00000000, channelorder=0, peakvolume=0.134216.
[LOG] SystemI::createSoundInternal             : Create name='', mode=0x02000202
[LOG] SystemI::createSoundInternal             : exinfo->cbsize             = 224
[LOG] SystemI::createSoundInternal             : exinfo->length             = 24090880
[LOG] SystemI::createSoundInternal             : exinfo->fileoffset         = 169984
[LOG] SystemI::createSoundInternal             : exinfo->numsubsounds       = 1
[LOG] SystemI::createSoundInternal             : exinfo->inclusionlist      = 0x700003f9994c
[LOG] SystemI::createSoundInternal             : exinfo->inclusionlistnum   = 1
[LOG] SystemI::createSoundInternal             : exinfo->suggestedsoundtype = 5
[LOG] SystemI::createSoundInternal             : exinfo->useropen           = 0x190ae7cbc
[LOG] SystemI::createSoundInternal             : exinfo->userclose          = 0x190ae7d73
[LOG] SystemI::createSoundInternal             : exinfo->userread           = 0x190ae7da0
[LOG] SystemI::createSoundInternal             : exinfo->userseek           = 0x190ae7e3e
[LOG] SystemI::createSoundInternal             : exinfo->fileuserdata       = 0x7fb238ff0db8
[LOG] SystemI::createSoundInternal             : exinfo->initialseekpostype = 1
[LOG] SystemI::DSPCodecPoolRegister            : register codec pool for pool type 5
[LOG] SystemI::createSoundInternal             : Sample 0/1: name='Tape_Buttons_4', format=5, channels=2, frequency=48000, lengthbytes=85760, lengthpcm=356658, pcmblocksize=0, loopstart=0, loopend=0, mode=0x00000000, channelmask=0x00000000, channelorder=0, peakvolume=0.397339.
[LOG] SystemI::createSoundInternal             : Create name='', mode=0x02000202
[LOG] SystemI::createSoundInternal             : exinfo->cbsize             = 224
[LOG] SystemI::createSoundInternal             : exinfo->length             = 24090880
[LOG] SystemI::createSoundInternal             : exinfo->fileoffset         = 169984
[LOG] SystemI::createSoundInternal             : exinfo->numsubsounds       = 1
[LOG] SystemI::createSoundInternal             : exinfo->inclusionlist      = 0x700003f9994c
[LOG] SystemI::createSoundInternal             : exinfo->inclusionlistnum   = 1
[LOG] SystemI::createSoundInternal             : exinfo->suggestedsoundtype = 5
[LOG] SystemI::createSoundInternal             : exinfo->useropen           = 0x190ae7cbc
[LOG] SystemI::createSoundInternal             : exinfo->userclose          = 0x190ae7d73
[LOG] SystemI::createSoundInternal             : exinfo->userread           = 0x190ae7da0
[LOG] SystemI::createSoundInternal             : exinfo->userseek           = 0x190ae7e3e
[LOG] SystemI::createSoundInternal             : exinfo->fileuserdata       = 0x7fb238ff0db8
[LOG] SystemI::createSoundInternal             : exinfo->initialseekpostype = 1
[LOG] SystemI::DSPCodecPoolRegister            : register codec pool for pool type 5
[LOG] SystemI::createSoundInternal             : Sample 0/1: name='WolfHowl_2', format=5, channels=2, frequency=48000, lengthbytes=25856, lengthpcm=185525, pcmblocksize=0, loopstart=0, loopend=0, mode=0x00000000, channelmask=0x00000000, channelorder=0, peakvolume=0.121242.
[LOG] SystemI::createSoundInternal             : Create name='', mode=0x02000202
[LOG] SystemI::createSoundInternal             : exinfo->cbsize             = 224
[LOG] SystemI::createSoundInternal             : exinfo->length             = 24090880
[LOG] SystemI::createSoundInternal             : exinfo->fileoffset         = 169984
[LOG] SystemI::createSoundInternal             : exinfo->numsubsounds       = 1
[LOG] SystemI::createSoundInternal             : exinfo->inclusionlist      = 0x700003f9994c
[LOG] SystemI::createSoundInternal             : exinfo->inclusionlistnum   = 1
[LOG] SystemI::createSoundInternal             : exinfo->suggestedsoundtype = 5
[LOG] SystemI::createSoundInternal             : exinfo->useropen           = 0x190ae7cbc
[LOG] SystemI::createSoundInternal             : exinfo->userclose          = 0x190ae7d73
[LOG] SystemI::createSoundInternal             : exinfo->userread           = 0x190ae7da0
[LOG] SystemI::createSoundInternal             : exinfo->userseek           = 0x190ae7e3e
[LOG] SystemI::createSoundInternal             : exinfo->fileuserdata       = 0x7fb238ff0db8
[LOG] SystemI::createSoundInternal             : exinfo->initialseekpostype = 1
[LOG] SystemI::DSPCodecPoolRegister            : register codec pool for pool type 5
[LOG] SystemI::createSoundInternal             : Sample 0/1: name='Short Electric Buzz', format=5, channels=2, frequency=48000, lengthbytes=8992, lengthpcm=27586, pcmblocksize=0, loopstart=0, loopend=0, mode=0x00000000, channelmask=0x00000000, channelorder=0, peakvolume=0.443838.
[LOG] SystemI::createSoundInternal             : Create name='', mode=0x02000202
[LOG] SystemI::createSoundInternal             : exinfo->cbsize             = 224
[LOG] SystemI::createSoundInternal             : exinfo->length             = 24090880
[LOG] SystemI::createSoundInternal             : exinfo->fileoffset         = 169984
[LOG] SystemI::createSoundInternal             : exinfo->numsubsounds       = 1
[LOG] SystemI::createSoundInternal             : exinfo->inclusionlist      = 0x700003f9994c
[LOG] SystemI::createSoundInternal             : exinfo->inclusionlistnum   = 1
[LOG] SystemI::createSoundInternal             : exinfo->suggestedsoundtype = 5
[LOG] SystemI::createSoundInternal             : exinfo->useropen           = 0x190ae7cbc
[LOG] SystemI::createSoundInternal             : exinfo->userclose          = 0x190ae7d73
[LOG] SystemI::createSoundInternal             : exinfo->userread           = 0x190ae7da0
[LOG] SystemI::createSoundInternal             : exinfo->userseek           = 0x190ae7e3e
[LOG] SystemI::createSoundInternal             : exinfo->fileuserdata       = 0x7fb238ff0db8
[LOG] SystemI::createSoundInternal             : exinfo->initialseekpostype = 1
[LOG] SystemI::DSPCodecPoolRegister            : register codec pool for pool type 5
[LOG] SystemI::createSoundInternal             : Sample 0/1: name='139970__jessepash__switch-big-power', format=5, channels=2, frequency=48000, lengthbytes=99424, lengthpcm=423936, pcmblocksize=0, loopstart=0, loopend=0, mode=0x00000000, channelmask=0x00000000, channelorder=0, peakvolume=0.928008.
[LOG] SystemI::createSoundInternal             : Create name='', mode=0x02000202
[LOG] SystemI::createSoundInternal             : exinfo->cbsize             = 224
[LOG] SystemI::createSoundInternal             : exinfo->length             = 24090880
[LOG] SystemI::createSoundInternal             : exinfo->fileoffset         = 169984
[LOG] SystemI::createSoundInternal             : exinfo->numsubsounds       = 1
[LOG] SystemI::createSoundInternal             : exinfo->inclusionlist      = 0x700003f9994c
[LOG] SystemI::createSoundInternal             : exinfo->inclusionlistnum   = 1
[LOG] SystemI::createSoundInternal             : exinfo->suggestedsoundtype = 5
[LOG] SystemI::createSoundInternal             : exinfo->useropen           = 0x190ae7cbc
[LOG] SystemI::createSoundInternal             : exinfo->userclose          = 0x190ae7d73
[LOG] SystemI::createSoundInternal             : exinfo->userread           = 0x190ae7da0
[LOG] SystemI::createSoundInternal             : exinfo->userseek           = 0x190ae7e3e
[LOG] SystemI::createSoundInternal             : exinfo->fileuserdata       = 0x7fb238ff0db8
[LOG] SystemI::createSoundInternal             : exinfo->initialseekpostype = 1
[LOG] SystemI::DSPCodecPoolRegister            : register codec pool for pool type 5
[LOG] SystemI::createSoundInternal             : Sample 0/1: name='Tape_PlayStop_4', format=5, channels=2, frequency=48000, lengthbytes=104864, lengthpcm=427990, pcmblocksize=0, loopstart=0, loopend=0, mode=0x00000000, channelmask=0x00000000, channelorder=0, peakvolume=0.056915.
[LOG] SystemI::createSoundInternal             : Create name='', mode=0x02000202
[LOG] SystemI::createSoundInternal             : exinfo->cbsize             = 224
[LOG] SystemI::createSoundInternal             : exinfo->length             = 24090880
[LOG] SystemI::createSoundInternal             : exinfo->fileoffset         = 169984
[LOG] SystemI::createSoundInternal             : exinfo->numsubsounds       = 1
[LOG] SystemI::createSoundInternal             : exinfo->inclusionlist      = 0x700003f9994c
[LOG] SystemI::createSoundInternal             : exinfo->inclusionlistnum   = 1
[LOG] SystemI::createSoundInternal             : exinfo->suggestedsoundtype = 5
[LOG] SystemI::createSoundInternal             : exinfo->useropen           = 0x190ae7cbc
[LOG] SystemI::createSoundInternal             : exinfo->userclose          = 0x190ae7d73
[LOG] SystemI::createSoundInternal             : exinfo->userread           = 0x190ae7da0
[LOG] SystemI::createSoundInternal             : exinfo->userseek           = 0x190ae7e3e
[LOG] SystemI::createSoundInternal             : exinfo->fileuserdata       = 0x7fb238ff0db8
[LOG] SystemI::createSoundInternal             : exinfo->initialseekpostype = 1
[LOG] SystemI::DSPCodecPoolRegister            : register codec pool for pool type 5
[LOG] SystemI::createSoundInternal             : Sample 0/1: name='WolfHowl_3', format=5, channels=2, frequency=48000, lengthbytes=23424, lengthpcm=168000, pcmblocksize=0, loopstart=0, loopend=0, mode=0x00000000, channelmask=0x00000000, channelorder=0, peakvolume=0.148824.
[LOG] SystemI::createSoundInternal             : Create name='', mode=0x02000202
[LOG] SystemI::createSoundInternal             : exinfo->cbsize             = 224
[LOG] SystemI::createSoundInternal             : exinfo->length             = 24090880
[LOG] SystemI::createSoundInternal             : exinfo->fileoffset         = 169984
[LOG] SystemI::createSoundInternal             : exinfo->numsubsounds       = 1
[LOG] SystemI::createSoundInternal             : exinfo->inclusionlist      = 0x700003f9994c
[LOG] SystemI::createSoundInternal             : exinfo->inclusionlistnum   = 1
[LOG] SystemI::createSoundInternal             : exinfo->suggestedsoundtype = 5
[LOG] SystemI::createSoundInternal             : exinfo->useropen           = 0x190ae7cbc
[LOG] SystemI::createSoundInternal             : exinfo->userclose          = 0x190ae7d73
[LOG] SystemI::createSoundInternal             : exinfo->userread           = 0x190ae7da0
[LOG] SystemI::createSoundInternal             : exinfo->userseek           = 0x190ae7e3e
[LOG] SystemI::createSoundInternal             : exinfo->fileuserdata       = 0x7fb238ff0db8
[LOG] SystemI::createSoundInternal             : exinfo->initialseekpostype = 1
[LOG] SystemI::DSPCodecPoolRegister            : register codec pool for pool type 5
[LOG] SystemI::createSoundInternal             : Sample 0/1: name='VinylStatic_3', format=5, channels=1, frequency=48000, lengthbytes=27680, lengthpcm=178329, pcmblocksize=0, loopstart=0, loopend=0, mode=0x00000000, channelmask=0x00000000, channelorder=0, peakvolume=0.149292.
[LOG] SystemI::createSoundInternal             : Create name='', mode=0x02000202
[LOG] SystemI::createSoundInternal             : exinfo->cbsize             = 224
[LOG] SystemI::createSoundInternal             : exinfo->length             = 24090880
[LOG] SystemI::createSoundInternal             : exinfo->fileoffset         = 169984
[LOG] SystemI::createSoundInternal             : exinfo->numsubsounds       = 1
[LOG] SystemI::createSoundInternal             : exinfo->inclusionlist      = 0x700003f9994c
[LOG] SystemI::createSoundInternal             : exinfo->inclusionlistnum   = 1
[LOG] SystemI::createSoundInternal             : exinfo->suggestedsoundtype = 5
[LOG] SystemI::createSoundInternal             : exinfo->useropen           = 0x190ae7cbc
[LOG] SystemI::createSoundInternal             : exinfo->userclose          = 0x190ae7d73
[LOG] SystemI::createSoundInternal             : exinfo->userread           = 0x190ae7da0
[LOG] SystemI::createSoundInternal             : exinfo->userseek           = 0x190ae7e3e
[LOG] SystemI::createSoundInternal             : exinfo->fileuserdata       = 0x7fb238ff0db8
[LOG] SystemI::createSoundInternal             : exinfo->initialseekpostype = 1
[LOG] SystemI::DSPCodecPoolRegister            : register codec pool for pool type 5
[LOG] SystemI::createSoundInternal             : Sample 0/1: name='VinylStatic_2', format=5, channels=1, frequency=48000, lengthbytes=29920, lengthpcm=178329, pcmblocksize=0, loopstart=0, loopend=0, mode=0x00000000, channelmask=0x00000000, channelorder=0, peakvolume=0.188599.
[LOG] SystemI::createSoundInternal             : Create name='', mode=0x02000202
[LOG] SystemI::createSoundInternal             : exinfo->cbsize             = 224
[LOG] SystemI::createSoundInternal             : exinfo->length             = 24090880
[LOG] SystemI::createSoundInternal             : exinfo->fileoffset         = 169984
[LOG] SystemI::createSoundInternal             : exinfo->numsubsounds       = 1
[LOG] SystemI::createSoundInternal             : exinfo->inclusionlist      = 0x700003f9994c
[LOG] SystemI::createSoundInternal             : exinfo->inclusionlistnum   = 1
[LOG] SystemI::createSoundInternal             : exinfo->suggestedsoundtype = 5
[LOG] SystemI::createSoundInternal             : exinfo->useropen           = 0x190ae7cbc
[LOG] SystemI::createSoundInternal             : exinfo->userclose          = 0x190ae7d73
[LOG] SystemI::createSoundInternal             : exinfo->userread           = 0x190ae7da0
[LOG] SystemI::createSoundInternal             : exinfo->userseek           = 0x190ae7e3e
[LOG] SystemI::createSoundInternal             : exinfo->fileuserdata       = 0x7fb238ff0db8
[LOG] SystemI::createSoundInternal             : exinfo->initialseekpostype = 1
[LOG] SystemI::DSPCodecPoolRegister            : register codec pool for pool type 5
[LOG] SystemI::createSoundInternal             : Sample 0/1: name='WolfHowl_6', format=5, channels=2, frequency=48000, lengthbytes=18624, lengthpcm=136560, pcmblocksize=0, loopstart=0, loopend=0, mode=0x00000000, channelmask=0x00000000, channelorder=0, peakvolume=0.251628.
[LOG] SystemI::createSoundInternal             : Create name='', mode=0x02000202
[LOG] SystemI::createSoundInternal             : exinfo->cbsize             = 224
[LOG] SystemI::createSoundInternal             : exinfo->length             = 24090880
[LOG] SystemI::createSoundInternal             : exinfo->fileoffset         = 169984
[LOG] SystemI::createSoundInternal             : exinfo->numsubsounds       = 1
[LOG] SystemI::createSoundInternal             : exinfo->inclusionlist      = 0x700003f9994c
[LOG] SystemI::createSoundInternal             : exinfo->inclusionlistnum   = 1
[LOG] SystemI::createSoundInternal             : exinfo->suggestedsoundtype = 5
[LOG] SystemI::createSoundInternal             : exinfo->useropen           = 0x190ae7cbc
[LOG] SystemI::createSoundInternal             : exinfo->userclose          = 0x190ae7d73
[LOG] SystemI::createSoundInternal             : exinfo->userread           = 0x190ae7da0
[LOG] SystemI::createSoundInternal             : exinfo->userseek           = 0x190ae7e3e
[LOG] SystemI::createSoundInternal             : exinfo->fileuserdata       = 0x7fb238ff0db8
[LOG] SystemI::createSoundInternal             : exinfo->initialseekpostype = 1
[LOG] SystemI::DSPCodecPoolRegister            : register codec pool for pool type 5
[LOG] SystemI::createSoundInternal             : Sample 0/1: name='White Noise Inverse', format=5, channels=2, frequency=48000, lengthbytes=132960, lengthpcm=480000, pcmblocksize=0, loopstart=0, loopend=0, mode=0x00000000, channelmask=0x00000000, channelorder=0, peakvolume=0.636353.
[LOG] SystemI::createSoundInternal             : Create name='', mode=0x02000202
[LOG] SystemI::createSoundInternal             : exinfo->cbsize             = 224
[LOG] SystemI::createSoundInternal             : exinfo->length             = 6260928
[LOG] SystemI::createSoundInternal             : exinfo->fileoffset         = 15456
[LOG] SystemI::createSoundInternal             : exinfo->numsubsounds       = 1
[LOG] SystemI::createSoundInternal             : exinfo->inclusionlist      = 0x700003f9994c
[LOG] SystemI::createSoundInternal             : exinfo->inclusionlistnum   = 1
[LOG] SystemI::createSoundInternal             : exinfo->suggestedsoundtype = 5
[LOG] SystemI::createSoundInternal             : exinfo->useropen           = 0x190ae7cbc
[LOG] SystemI::createSoundInternal             : exinfo->userclose          = 0x190ae7d73
[LOG] SystemI::createSoundInternal             : exinfo->userread           = 0x190ae7da0
[LOG] SystemI::createSoundInternal             : exinfo->userseek           = 0x190ae7e3e
[LOG] SystemI::createSoundInternal             : exinfo->fileuserdata       = 0x7fb238ff0db8
[LOG] SystemI::createSoundInternal             : exinfo->initialseekpostype = 1
[LOG] SystemI::DSPCodecPoolRegister            : register codec pool for pool type 5
[LOG] SystemI::createSoundInternal             : Sample 0/1: name='Scene Change', format=5, channels=2, frequency=48000, lengthbytes=86912, lengthpcm=416385, pcmblocksize=0, loopstart=0, loopend=0, mode=0x00000000, channelmask=0x00000000, channelorder=0, peakvolume=0.476019.
[LOG] SystemI::createSound                     : filename = FMODPROJECT/GetLost_FMOD/Build/Desktop/Environment.bank : mode 02010082
[LOG] SystemI::createSound                     : FMOD_NONBLOCKING specified.  Putting into queue to be opened asynchronously!
[LOG] SystemI::createSound                     : setdata soundi = 0x7fb238f58128 : node = 0x7fb238f3a790
[LOG] SystemI::createSound                     : add node to async list : head = 0x7fb239273548.  list count = 0
[LOG] AsyncThread::threadFunc                  : Starting Asynchronous operation on sound 0x7fb238f58128
[LOG] SystemI::createSoundInternal             :     Create name='FMODPROJECT/GetLost_FMOD/Build/Desktop/Environment.bank', mode=0x02010082
[LOG] SystemI::createSoundInternal             :     exinfo->cbsize             = 224
[LOG] SystemI::createSound                     :     filename = FMODPROJECT/GetLost_FMOD/Build/Desktop/Environment.bank : mode 02010082
[LOG] SystemI::createSound                     :     FMOD_NONBLOCKING specified.  Putting into queue to be opened asynchronously!
[LOG] SystemI::createSound                     :     setdata soundi = 0x7fb238ffa4a8 : node = 0x7fb238f8d5e0
[LOG] SystemI::createSound                     :     add node to async list : head = 0x7fb239273548.  list count = 0
[LOG] SystemI::createSoundInternal             :     exinfo->length             = 24090880
[LOG] SystemI::createSoundInternal             :     exinfo->fileoffset         = 169984
[LOG] SystemI::createSoundInternal             :     exinfo->numsubsounds       = 1
[LOG] SystemI::createSoundInternal             :     exinfo->inclusionlist      = 0x7fb238f3a8a0
[LOG] SystemI::createSoundInternal             :     exinfo->inclusionlistnum   = 1
[LOG] SystemI::createSoundInternal             :     exinfo->suggestedsoundtype = 5
[LOG] SystemI::createSoundInternal             :     exinfo->initialseekpostype = 1
[LOG] SystemI::createSoundInternal             :     Stream 0/1: name='RadioSignal_Long1_1', format=5, channels=2, frequency=48000, lengthbytes=150080, lengthpcm=570653, pcmblocksize=0, loopstart=0, loopend=0, mode=0x00000000, channelmask=0x00000000, channelorder=0, peakvolume=0.226990.
[LOG] SystemI::createSound                     :     filename = FMODPROJECT/GetLost_FMOD/Build/Desktop/Environment.bank : mode 02010082
[LOG] SystemI::createSound                     :     FMOD_NONBLOCKING specified.  Putting into queue to be opened asynchronously!
[LOG] SystemI::createSound                     :     setdata soundi = 0x7fb238ff9168 : node = 0x7fb238ffd400
[LOG] SystemI::createSound                     :     add node to async list : head = 0x7fb239273548.  list count = 1
[LOG] SystemI::createSound                     :     filename = FMODPROJECT/GetLost_FMOD/Build/Desktop/Environment.bank : mode 02010082
[LOG] SystemI::createSound                     :     FMOD_NONBLOCKING specified.  Putting into queue to be opened asynchronously!
[LOG] SystemI::createSound                     :     setdata soundi = 0x7fb238f6df58 : node = 0x7fb238fe6ed0
[LOG] SystemI::createSound                     :     add node to async list : head = 0x7fb239273548.  list count = 2
[LOG] AsyncThread::threadFunc                  : Finished Asynchronous operation on sound 0x7fb238f58128
[LOG] AsyncThread::threadFunc                  : Starting Asynchronous operation on sound 0x7fb238ffa4a8
[LOG] SystemI::createSoundInternal             :     Create name='FMODPROJECT/GetLost_FMOD/Build/Desktop/Environment.bank', mode=0x02010082
[LOG] SystemI::createSoundInternal             :     exinfo->cbsize             = 224
[LOG] SystemI::createSoundInternal             :     exinfo->length             = 24090880
[LOG] SystemI::createSoundInternal             :     exinfo->fileoffset         = 169984
[LOG] SystemI::createSoundInternal             :     exinfo->numsubsounds       = 1
[LOG] SystemI::createSoundInternal             :     exinfo->inclusionlist      = 0x7fb238f8d6f0
[LOG] SystemI::createSoundInternal             :     exinfo->inclusionlistnum   = 1
[LOG] SystemI::createSoundInternal             :     exinfo->suggestedsoundtype = 5
[LOG] SystemI::createSoundInternal             :     exinfo->initialseekposition = 1281
[LOG] SystemI::createSoundInternal             :     exinfo->initialseekpostype = 1
[LOG] SystemI::createSoundInternal             :     Stream 0/1: name='274477__adamamazing__50hz-light-buzz', format=5, channels=2, frequency=48000, lengthbytes=692928, lengthpcm=5137601, pcmblocksize=0, loopstart=0, loopend=0, mode=0x00000000, channelmask=0x00000000, channelorder=0, peakvolume=0.250000.
[LOG] AsyncThread::threadFunc                  : Finished Asynchronous operation on sound 0x7fb238ffa4a8
[LOG] AsyncThread::threadFunc                  : Starting Asynchronous operation on sound 0x7fb238ff9168
[LOG] SystemI::createSoundInternal             :     Create name='FMODPROJECT/GetLost_FMOD/Build/Desktop/Environment.bank', mode=0x02010082
[LOG] SystemI::createSoundInternal             :     exinfo->cbsize             = 224
[LOG] SystemI::createSoundInternal             :     exinfo->length             = 24090880
[LOG] SystemI::createSoundInternal             :     exinfo->fileoffset         = 169984
[LOG] SystemI::createSoundInternal             :     exinfo->numsubsounds       = 1
[LOG] SystemI::createSoundInternal             :     exinfo->inclusionlist      = 0x7fb238ffd510
[LOG] SystemI::createSoundInternal             :     exinfo->inclusionlistnum   = 1
[LOG] SystemI::createSoundInternal             :     exinfo->suggestedsoundtype = 5
[LOG] SystemI::createSoundInternal             :     exinfo->initialseekposition = 1281
[LOG] SystemI::createSoundInternal             :     exinfo->initialseekpostype = 1
[LOG] SystemI::createSoundInternal             :     Stream 0/1: name='274477__adamamazing__50hz-light-buzz', format=5, channels=2, frequency=48000, lengthbytes=692928, lengthpcm=5137601, pcmblocksize=0, loopstart=0, loopend=0, mode=0x00000000, channelmask=0x00000000, channelorder=0, peakvolume=0.250000.
[LOG] AsyncThread::threadFunc                  : Finished Asynchronous operation on sound 0x7fb238ff9168
[LOG] AsyncThread::threadFunc                  : Starting Asynchronous operation on sound 0x7fb238f6df58
[LOG] SystemI::createSoundInternal             :     Create name='FMODPROJECT/GetLost_FMOD/Build/Desktop/Environment.bank', mode=0x02010082
[LOG] SystemI::createSoundInternal             :     exinfo->cbsize             = 224
[LOG] SystemI::createSoundInternal             :     exinfo->length             = 24090880
[LOG] SystemI::createSoundInternal             :     exinfo->fileoffset         = 169984
[LOG] SystemI::createSoundInternal             :     exinfo->numsubsounds       = 1
[LOG] SystemI::createSoundInternal             :     exinfo->inclusionlist      = 0x7fb238fe6fe0
[LOG] SystemI::createSoundInternal             :     exinfo->inclusionlistnum   = 1
[LOG] SystemI::createSoundInternal             :     exinfo->suggestedsoundtype = 5
[LOG] SystemI::createSoundInternal             :     exinfo->initialseekposition = 1281
[LOG] SystemI::createSoundInternal             :     exinfo->initialseekpostype = 1
[LOG] SystemI::createSound                     :     filename = FMODPROJECT/GetLost_FMOD/Build/Desktop/Environment.bank : mode 02010082
[LOG] SystemI::createSound                     :     FMOD_NONBLOCKING specified.  Putting into queue to be opened asynchronously!
[LOG] SystemI::createSound                     :     setdata soundi = 0x7fb238f83258 : node = 0x7fb238f571a0
[LOG] SystemI::createSound                     :     add node to async list : head = 0x7fb239273548.  list count = 0
[LOG] SystemI::createSoundInternal             :     Stream 0/1: name='274477__adamamazing__50hz-light-buzz', format=5, channels=2, frequency=48000, lengthbytes=692928, lengthpcm=5137601, pcmblocksize=0, loopstart=0, loopend=0, mode=0x00000000, channelmask=0x00000000, channelorder=0, peakvolume=0.250000.
[LOG] AsyncThread::threadFunc                  : Finished Asynchronous operation on sound 0x7fb238f6df58
[LOG] AsyncThread::threadFunc                  : Starting Asynchronous operation on sound 0x7fb238f83258
[LOG] SystemI::createSoundInternal             :     Create name='FMODPROJECT/GetLost_FMOD/Build/Desktop/Environment.bank', mode=0x02010082
[LOG] SystemI::createSoundInternal             :     exinfo->cbsize             = 224
[LOG] SystemI::createSoundInternal             :     exinfo->length             = 24090880
[LOG] SystemI::createSoundInternal             :     exinfo->fileoffset         = 169984
[LOG] SystemI::createSoundInternal             :     exinfo->numsubsounds       = 1
[LOG] SystemI::createSoundInternal             :     exinfo->inclusionlist      = 0x7fb238f572b0
[LOG] SystemI::createSoundInternal             :     exinfo->inclusionlistnum   = 1
[LOG] SystemI::createSoundInternal             :     exinfo->suggestedsoundtype = 5
[LOG] SystemI::createSoundInternal             :     exinfo->initialseekpostype = 1
[LOG] SystemI::createSoundInternal             :     Stream 0/1: name='Pink Noise_400Hz10kHz_26.04', format=5, channels=2, frequency=48000, lengthbytes=133472, lengthpcm=499321, pcmblocksize=0, loopstart=0, loopend=0, mode=0x00000000, channelmask=0x00000000, channelorder=0, peakvolume=0.158035.
[LOG] AsyncThread::threadFunc                  : Finished Asynchronous operation on sound 0x7fb238f83258
[LOG] SystemI::createSound                     : filename = FMODPROJECT/GetLost_FMOD/Build/Desktop/Environment.bank : mode 02010082
[LOG] SystemI::createSound                     : FMOD_NONBLOCKING specified.  Putting into queue to be opened asynchronously!
[LOG] SystemI::createSound                     : setdata soundi = 0x7fb238f7d758 : node = 0x7fb238f7d910
[LOG] SystemI::createSound                     : add node to async list : head = 0x7fb239273548.  list count = 0
[LOG] AsyncThread::threadFunc                  : Starting Asynchronous operation on sound 0x7fb238f7d758
[LOG] SystemI::createSoundInternal             :     Create name='FMODPROJECT/GetLost_FMOD/Build/Desktop/Environment.bank', mode=0x02010082
[LOG] SystemI::createSoundInternal             :     exinfo->cbsize             = 224
[LOG] SystemI::createSoundInternal             :     exinfo->length             = 24090880
[LOG] SystemI::createSoundInternal             :     exinfo->fileoffset         = 169984
[LOG] SystemI::createSoundInternal             :     exinfo->numsubsounds       = 1
[LOG] SystemI::createSoundInternal             :     exinfo->inclusionlist      = 0x7fb238f7da20
[LOG] SystemI::createSoundInternal             :     exinfo->inclusionlistnum   = 1
[LOG] SystemI::createSoundInternal             :     exinfo->suggestedsoundtype = 5
[LOG] SystemI::createSoundInternal             :     exinfo->initialseekpostype = 1
[LOG] SystemI::createSoundInternal             :     Stream 0/1: name='Brown Noise_200Hz1kHz_26.04', format=5, channels=2, frequency=48000, lengthbytes=112032, lengthpcm=499321, pcmblocksize=0, loopstart=0, loopend=0, mode=0x00000000, channelmask=0x00000000, channelorder=0, peakvolume=0.144685.
[LOG] AsyncThread::threadFunc                  : Finished Asynchronous operation on sound 0x7fb238f7d758
[LOG] SystemI::createSound                     : filename = FMODPROJECT/GetLost_FMOD/Build/Desktop/Environment.bank : mode 02010082
[LOG] SystemI::createSound                     : FMOD_NONBLOCKING specified.  Putting into queue to be opened asynchronously!
[LOG] SystemI::createSound                     : setdata soundi = 0x7fb22b6044d8 : node = 0x7fb22da5c180
[LOG] SystemI::createSound                     : add node to async list : head = 0x7fb239273548.  list count = 0
[LOG] AsyncThread::threadFunc                  : Starting Asynchronous operation on sound 0x7fb22b6044d8
[LOG] SystemI::createSoundInternal             :     Create name='FMODPROJECT/GetLost_FMOD/Build/Desktop/Environment.bank', mode=0x02010082
[LOG] SystemI::createSoundInternal             :     exinfo->cbsize             = 224
[LOG] SystemI::createSoundInternal             :     exinfo->length             = 24090880
[LOG] SystemI::createSoundInternal             :     exinfo->fileoffset         = 169984
[LOG] SystemI::createSoundInternal             :     exinfo->numsubsounds       = 1
[LOG] SystemI::createSoundInternal             :     exinfo->inclusionlist      = 0x7fb22da5c290
[LOG] SystemI::createSoundInternal             :     exinfo->inclusionlistnum   = 1
[LOG] SystemI::createSoundInternal             :     exinfo->suggestedsoundtype = 5
[LOG] SystemI::createSoundInternal             :     exinfo->initialseekposition = 2000
[LOG] SystemI::createSoundInternal             :     exinfo->initialseekpostype = 1
[LOG] SystemI::createSoundInternal             :     Stream 0/1: name='whistling wind for looping', format=5, channels=2, frequency=48000, lengthbytes=740672, lengthpcm=2882664, pcmblocksize=0, loopstart=0, loopend=0, mode=0x00000000, channelmask=0x00000000, channelorder=0, peakvolume=0.788727.
[LOG] SystemI::createSound                     :     filename = FMODPROJECT/GetLost_FMOD/Build/Desktop/Environment.bank : mode 02010082
[LOG] SystemI::createSound                     :     FMOD_NONBLOCKING specified.  Putting into queue to be opened asynchronously!
[LOG] SystemI::createSound                     :     setdata soundi = 0x7fb22da15c18 : node = 0x7fb22da15dd0
[LOG] SystemI::createSound                     :     add node to async list : head = 0x7fb239273548.  list count = 0
[LOG] AsyncThread::threadFunc                  : Finished Asynchronous operation on sound 0x7fb22b6044d8
[LOG] AsyncThread::threadFunc                  : Starting Asynchronous operation on sound 0x7fb22da15c18
[LOG] SystemI::createSoundInternal             :     Create name='FMODPROJECT/GetLost_FMOD/Build/Desktop/Environment.bank', mode=0x02010082
[LOG] SystemI::createSoundInternal             :     exinfo->cbsize             = 224
[LOG] SystemI::createSoundInternal             :     exinfo->length             = 24090880
[LOG] SystemI::createSoundInternal             :     exinfo->fileoffset         = 169984
[LOG] SystemI::createSoundInternal             :     exinfo->numsubsounds       = 1
[LOG] SystemI::createSoundInternal             :     exinfo->inclusionlist      = 0x7fb22da15ee0
[LOG] SystemI::createSoundInternal             :     exinfo->inclusionlistnum   = 1
[LOG] SystemI::createSoundInternal             :     exinfo->suggestedsoundtype = 5
[LOG] SystemI::createSoundInternal             :     exinfo->initialseekpostype = 1
[LOG] SystemI::createSound                     :     filename = FMODPROJECT/GetLost_FMOD/Build/Desktop/Environment.bank : mode 02010082
[LOG] SystemI::createSound                     :     FMOD_NONBLOCKING specified.  Putting into queue to be opened asynchronously!
[LOG] SystemI::createSound                     :     setdata soundi = 0x7fb28b0973a8 : node = 0x7fb238a1ba50
[LOG] SystemI::createSound                     :     add node to async list : head = 0x7fb239273548.  list count = 0
[LOG] SystemI::createSoundInternal             :     Stream 0/1: name='Pink Noise_400Hz10kHz_26.04', format=5, channels=2, frequency=48000, lengthbytes=133472, lengthpcm=499321, pcmblocksize=0, loopstart=0, loopend=0, mode=0x00000000, channelmask=0x00000000, channelorder=0, peakvolume=0.158035.
[LOG] AsyncThread::threadFunc                  : Finished Asynchronous operation on sound 0x7fb22da15c18
[LOG] AsyncThread::threadFunc                  : Starting Asynchronous operation on sound 0x7fb28b0973a8
[LOG] SystemI::createSoundInternal             :     Create name='FMODPROJECT/GetLost_FMOD/Build/Desktop/Environment.bank', mode=0x02010082
[LOG] SystemI::createSoundInternal             :     exinfo->cbsize             = 224
[LOG] SystemI::createSoundInternal             :     exinfo->length             = 24090880
[LOG] SystemI::createSoundInternal             :     exinfo->fileoffset         = 169984
[LOG] SystemI::createSoundInternal             :     exinfo->numsubsounds       = 1
[LOG] SystemI::createSoundInternal             :     exinfo->inclusionlist      = 0x7fb238a1bb60
[LOG] SystemI::createSoundInternal             :     exinfo->inclusionlistnum   = 1
[LOG] SystemI::createSoundInternal             :     exinfo->suggestedsoundtype = 5
[LOG] SystemI::createSoundInternal             :     exinfo->initialseekpostype = 1
[LOG] SystemI::createSoundInternal             :     Stream 0/1: name='Brown Noise_200Hz1kHz_26.04', format=5, channels=2, frequency=48000, lengthbytes=112032, lengthpcm=499321, pcmblocksize=0, loopstart=0, loopend=0, mode=0x00000000, channelmask=0x00000000, channelorder=0, peakvolume=0.144685.
[LOG] AsyncThread::threadFunc                  : Finished Asynchronous operation on sound 0x7fb28b0973a8
[LOG] SystemI::createSound                     : filename = FMODPROJECT/GetLost_FMOD/Build/Desktop/Environment.bank : mode 02010082
[LOG] SystemI::createSound                     : FMOD_NONBLOCKING specified.  Putting into queue to be opened asynchronously!
[LOG] SystemI::createSound                     : setdata soundi = 0x7fb2392bc6d8 : node = 0x7fb2392bc890
[LOG] SystemI::createSound                     : add node to async list : head = 0x7fb239273548.  list count = 0
[LOG] AsyncThread::threadFunc                  : Starting Asynchronous operation on sound 0x7fb2392bc6d8
[LOG] SystemI::createSoundInternal             :     Create name='FMODPROJECT/GetLost_FMOD/Build/Desktop/Environment.bank', mode=0x02010082
[LOG] SystemI::createSoundInternal             :     exinfo->cbsize             = 224
[LOG] SystemI::createSoundInternal             :     exinfo->length             = 24090880
[LOG] SystemI::createSoundInternal             :     exinfo->fileoffset         = 169984
[LOG] SystemI::createSoundInternal             :     exinfo->numsubsounds       = 1
[LOG] SystemI::createSoundInternal             :     exinfo->inclusionlist      = 0x7fb2392bc9a0
[LOG] SystemI::createSoundInternal             :     exinfo->inclusionlistnum   = 1
[LOG] SystemI::createSoundInternal             :     exinfo->suggestedsoundtype = 5
[LOG] SystemI::createSoundInternal             :     exinfo->initialseekpostype = 1
[LOG] SystemI::createSoundInternal             :     Stream 0/1: name='Brown Noise_200Hz1kHz_26.04', format=5, channels=2, frequency=48000, lengthbytes=112032, lengthpcm=499321, pcmblocksize=0, loopstart=0, loopend=0, mode=0x00000000, channelmask=0x00000000, channelorder=0, peakvolume=0.144685.
[LOG] SystemI::createSound                     :     filename = FMODPROJECT/GetLost_FMOD/Build/Desktop/Environment.bank : mode 02010082
[LOG] SystemI::createSound                     :     FMOD_NONBLOCKING specified.  Putting into queue to be opened asynchronously!
[LOG] SystemI::createSound                     :     setdata soundi = 0x7fb22da13968 : node = 0x7fb22da13b20
[LOG] SystemI::createSound                     :     add node to async list : head = 0x7fb239273548.  list count = 0
[LOG] AsyncThread::threadFunc                  : Finished Asynchronous operation on sound 0x7fb2392bc6d8
[LOG] AsyncThread::threadFunc                  : Starting Asynchronous operation on sound 0x7fb22da13968
[LOG] SystemI::createSoundInternal             :     Create name='FMODPROJECT/GetLost_FMOD/Build/Desktop/Environment.bank', mode=0x02010082
[LOG] SystemI::createSoundInternal             :     exinfo->cbsize             = 224
[LOG] SystemI::createSoundInternal             :     exinfo->length             = 24090880
[LOG] SystemI::createSoundInternal             :     exinfo->fileoffset         = 169984
[LOG] SystemI::createSoundInternal             :     exinfo->numsubsounds       = 1
[LOG] SystemI::createSoundInternal             :     exinfo->inclusionlist      = 0x7fb22da13c30
[LOG] SystemI::createSoundInternal             :     exinfo->inclusionlistnum   = 1
[LOG] SystemI::createSoundInternal             :     exinfo->suggestedsoundtype = 5
[LOG] SystemI::createSoundInternal             :     exinfo->initialseekpostype = 1
[LOG] SystemI::createSoundInternal             :     Stream 0/1: name='Pink Noise_400Hz10kHz_26.04', format=5, channels=2, frequency=48000, lengthbytes=133472, lengthpcm=499321, pcmblocksize=0, loopstart=0, loopend=0, mode=0x00000000, channelmask=0x00000000, channelorder=0, peakvolume=0.158035.
[LOG] AsyncThread::threadFunc                  : Finished Asynchronous operation on sound 0x7fb22da13968
[LOG] SoundI::release                          : Main Theme (0x7fb2392730d8)
[LOG] SoundI::release                          :     Main Theme (0x7fb22c6447d8)
[LOG] SoundI::release                          :     Main Theme (0x7fb22c648848)
[LOG] SystemI::createSound                     : filename = FMODPROJECT/GetLost_FMOD/Build/Desktop/Environment.bank : mode 02010082
[LOG] SystemI::createSound                     : FMOD_NONBLOCKING specified.  Putting into queue to be opened asynchronously!
[LOG] SystemI::createSound                     : setdata soundi = 0x7fb22da8dae8 : node = 0x7fb22da1a510
[LOG] SystemI::createSound                     : add node to async list : head = 0x7fb239273548.  list count = 0
[LOG] AsyncThread::threadFunc                  : Starting Asynchronous operation on sound 0x7fb22da8dae8
[LOG] SystemI::createSoundInternal             :     Create name='FMODPROJECT/GetLost_FMOD/Build/Desktop/Environment.bank', mode=0x02010082
[LOG] SystemI::createSoundInternal             :     exinfo->cbsize             = 224
[LOG] SystemI::createSoundInternal             :     exinfo->length             = 24090880
[LOG] SystemI::createSoundInternal             :     exinfo->fileoffset         = 169984
[LOG] SystemI::createSoundInternal             :     exinfo->numsubsounds       = 1
[LOG] SystemI::createSoundInternal             :     exinfo->inclusionlist      = 0x7fb22da1a620
[LOG] SystemI::createSoundInternal             :     exinfo->inclusionlistnum   = 1
[LOG] SystemI::createSoundInternal             :     exinfo->suggestedsoundtype = 5
[LOG] SystemI::createSoundInternal             :     exinfo->initialseekpostype = 1
[LOG] SystemI::createSound                     :     filename = FMODPROJECT/GetLost_FMOD/Build/Desktop/Environment.bank : mode 02010082
[LOG] SystemI::createSound                     :     FMOD_NONBLOCKING specified.  Putting into queue to be opened asynchronously!
[LOG] SystemI::createSound                     :     setdata soundi = 0x7fb238e54ae8 : node = 0x7fb238e8bdf0
[LOG] SystemI::createSound                     :     add node to async list : head = 0x7fb239273548.  list count = 0
[LOG] SystemI::createSoundInternal             :     Stream 0/1: name='101334__timbre__remix-of-101127-cgeffex-bug-zapper-long-moth-electrocution-remix', format=5, channels=2, frequency=48000, lengthbytes=189920, lengthpcm=646391, pcmblocksize=0, loopstart=0, loopend=0, mode=0x00000000, channelmask=0x00000000, channelorder=0, peakvolume=0.988556.
[LOG] AsyncThread::threadFunc                  : Finished Asynchronous operation on sound 0x7fb22da8dae8
[LOG] AsyncThread::threadFunc                  : Starting Asynchronous operation on sound 0x7fb238e54ae8
[LOG] SystemI::createSoundInternal             :     Create name='FMODPROJECT/GetLost_FMOD/Build/Desktop/Environment.bank', mode=0x02010082
[LOG] SystemI::createSoundInternal             :     exinfo->cbsize             = 224
[LOG] SystemI::createSoundInternal             :     exinfo->length             = 24090880
[LOG] SystemI::createSoundInternal             :     exinfo->fileoffset         = 169984
[LOG] SystemI::createSoundInternal             :     exinfo->numsubsounds       = 1
[LOG] SystemI::createSoundInternal             :     exinfo->inclusionlist      = 0x7fb238e8bf00
[LOG] SystemI::createSoundInternal             :     exinfo->inclusionlistnum   = 1
[LOG] SystemI::createSoundInternal             :     exinfo->suggestedsoundtype = 5
[LOG] SystemI::createSoundInternal             :     exinfo->initialseekpostype = 1
[LOG] SystemI::createSoundInternal             :     Stream 0/1: name='101334__timbre__remix-of-101127-cgeffex-bug-zapper-long-moth-electrocution-remix', format=5, channels=2, frequency=48000, lengthbytes=189920, lengthpcm=646391, pcmblocksize=0, loopstart=0, loopend=0, mode=0x00000000, channelmask=0x00000000, channelorder=0, peakvolume=0.988556.
[LOG] AsyncThread::threadFunc                  : Finished Asynchronous operation on sound 0x7fb238e54ae8
[LOG] AsyncThread::threadFunc                  : Starting Asynchronous operation on sound 0x7fb22fceb098
[LOG] AsyncThread::threadFunc                  : Finished Asynchronous operation on sound 0x7fb22fceb098
[LOG] AsyncThread::threadFunc                  : Starting Asynchronous operation on sound 0x7fb22fcc9f78
[LOG] AsyncThread::threadFunc                  : Finished Asynchronous operation on sound 0x7fb22fcc9f78
[LOG] SoundI::release                          :  (0x7fb239034488)
[LOG] SoundI::release                          :     Menu_Select-001 (0x7fb22daaea28)
[LOG] SoundI::release                          :  (0x7fb22dab23f8)
[LOG] SoundI::release                          :     Menu_Back (0x7fb22daafa78)
[LOG] SoundI::release                          :  (0x7fb2390f7718)
[LOG] SoundI::release                          :     Menu_Hover (0x7fb22da57cc8)
[LOG] SoundI::release                          :  (0x7fb22c23dd88)
[LOG] SoundI::release                          :     Play_Button (0x7fb22c2417f8)
[LOG] SoundI::release                          :  (0x7fb238ff4728)
[LOG] SoundI::release                          :     Tape_PlayStop_1 (0x7fb238f89248)
[LOG] SoundI::release                          :  (0x7fb238f7ec88)
[LOG] SoundI::release                          :     Tape_PlayStop_2 (0x7fb238ff83e8)
[LOG] SoundI::release                          :  (0x7fb238fe8f88)
[LOG] SoundI::release                          :     Tape_PlayStop_4 (0x7fb238f7b7c8)
[LOG] SoundI::release                          :  (0x7fb238fe95c8)
[LOG] SoundI::release                          :     Tape_Bleeps_1 (0x7fb238f87a78)
[LOG] SoundI::release                          :  (0x7fb238ff7f38)
[LOG] SoundI::release                          :     Tape_Buttons_4 (0x7fb238f702a8)
[LOG] SoundI::release                          :  (0x7fb238ff77d8)
[LOG] SoundI::release                          :     VinylStatic_2 (0x7fb238f82fe8)
[LOG] SoundI::release                          :  (0x7fb238f81638)
[LOG] SoundI::release                          :     VinylStatic_3 (0x7fb238f6c9d8)
[LOG] SoundI::release                          :  (0x7fb238f765a8)
[LOG] SoundI::release                          :     Scene Change (0x7fb238f5af58)
[LOG] SoundI::release                          : 101334__timbre__remix-of-101127-cgeffex-bug-zapper-long-moth-electrocution-remix (0x7fb238e54ae8)
[LOG] SoundI::release                          :     101334__timbre__remix-of-101127-cgeffex-bug-zapper-long-moth-electrocution-remix (0x7fb22aa0eb08)
[LOG] SoundI::release                          :     101334__timbre__remix-of-101127-cgeffex-bug-zapper-long-moth-electrocution-remix (0x7fb22fcc9f78)
[LOG] SoundI::release                          : 274477__adamamazing__50hz-light-buzz (0x7fb238f6df58)
[LOG] SoundI::release                          :     274477__adamamazing__50hz-light-buzz (0x7fb238e54ce8)
[LOG] SoundI::release                          :     274477__adamamazing__50hz-light-buzz (0x7fb238e5bff8)
[LOG] SoundI::release                          : 101334__timbre__remix-of-101127-cgeffex-bug-zapper-long-moth-electrocution-remix (0x7fb22da8dae8)
[LOG] SoundI::release                          :     101334__timbre__remix-of-101127-cgeffex-bug-zapper-long-moth-electrocution-remix (0x7fb22aa0c8d8)
[LOG] SoundI::release                          :     101334__timbre__remix-of-101127-cgeffex-bug-zapper-long-moth-electrocution-remix (0x7fb22fceb098)
[LOG] SoundI::release                          : 274477__adamamazing__50hz-light-buzz (0x7fb238ff9168)
[LOG] SoundI::release                          :     274477__adamamazing__50hz-light-buzz (0x7fb259c8b1d8)
[LOG] SoundI::release                          :     274477__adamamazing__50hz-light-buzz (0x7fb259c88e08)
[LOG] SoundI::release                          : 274477__adamamazing__50hz-light-buzz (0x7fb238ffa4a8)
[LOG] SoundI::release                          :     274477__adamamazing__50hz-light-buzz (0x7fb238e5f218)
[LOG] SoundI::release                          :     274477__adamamazing__50hz-light-buzz (0x7fb238e55f68)
[LOG] SoundI::release                          : whistling wind for looping (0x7fb22b6044d8)
[LOG] SoundI::release                          :     whistling wind for looping (0x7fb22fc1bf98)
[LOG] SoundI::release                          :     whistling wind for looping (0x7fb22fc1c128)
[LOG] SoundI::release                          : Brown Noise_200Hz1kHz_26.04 (0x7fb28b0973a8)
[LOG] SoundI::release                          :     Brown Noise_200Hz1kHz_26.04 (0x7fb239272e28)
[LOG] SoundI::release                          :     Brown Noise_200Hz1kHz_26.04 (0x7fb238a22ec8)
[LOG] SoundI::release                          : Pink Noise_400Hz10kHz_26.04 (0x7fb22da15c18)
[LOG] SoundI::release                          :     Pink Noise_400Hz10kHz_26.04 (0x7fb238a47ce8)
[LOG] SoundI::release                          :     Pink Noise_400Hz10kHz_26.04 (0x7fb238a272e8)
[LOG] SoundI::release                          : RadioSignal_Long1_1 (0x7fb238f58128)
[LOG] SoundI::release                          :     RadioSignal_Long1_1 (0x7fb238a97dd8)
[LOG] SoundI::release                          :     RadioSignal_Long1_1 (0x7fb238a93968)
[LOG] SoundI::release                          : Pink Noise_400Hz10kHz_26.04 (0x7fb238f83258)
[LOG] SoundI::release                          :     Pink Noise_400Hz10kHz_26.04 (0x7fb238e04a88)
[LOG] SoundI::release                          :     Pink Noise_400Hz10kHz_26.04 (0x7fb238e59988)
[LOG] SoundI::release                          : Pink Noise_400Hz10kHz_26.04 (0x7fb22da13968)
[LOG] SoundI::release                          :     Pink Noise_400Hz10kHz_26.04 (0x7fb238e73018)
[LOG] SoundI::release                          :     Pink Noise_400Hz10kHz_26.04 (0x7fb238e73278)
[LOG] SoundI::release                          : Brown Noise_200Hz1kHz_26.04 (0x7fb2392bc6d8)
[LOG] SoundI::release                          :     Brown Noise_200Hz1kHz_26.04 (0x7fb238e724d8)
[LOG] SoundI::release                          :     Brown Noise_200Hz1kHz_26.04 (0x7fb238e72738)
[LOG] SoundI::release                          : Brown Noise_200Hz1kHz_26.04 (0x7fb238f7d758)
[LOG] SoundI::release                          :     Brown Noise_200Hz1kHz_26.04 (0x7fb22fc90488)
[LOG] SoundI::release                          :     Brown Noise_200Hz1kHz_26.04 (0x7fb22fc90618)
[LOG] SoundI::release                          :  (0x7fb238f7e598)
[LOG] SoundI::release                          :     WolfHowl_1 (0x7fb238f53ec8)
[LOG] SoundI::release                          :  (0x7fb238f6b5d8)
[LOG] SoundI::release                          :     WolfHowl_2 (0x7fb238fec588)
[LOG] SoundI::release                          :  (0x7fb238ffe188)
[LOG] SoundI::release                          :     WolfHowl_3 (0x7fb238fe58c8)
[LOG] SoundI::release                          :  (0x7fb238f548e8)
[LOG] SoundI::release                          :     WolfHowl_4 (0x7fb238f7e308)
[LOG] SoundI::release                          :  (0x7fb238f7f448)
[LOG] SoundI::release                          :     WolfHowl_6 (0x7fb238feffe8)
[LOG] SoundI::release                          :  (0x7fb238f8af58)
[LOG] SoundI::release                          :     White Noise Inverse (0x7fb238f66058)
[LOG] SoundI::release                          :  (0x7fb22b60be08)
[LOG] SoundI::release                          :     139970__jessepash__switch-big-power (0x7fb238ff7578)
[LOG] SoundI::release                          :  (0x7fb238f81858)
[LOG] SoundI::release                          :     524582__bliind__sparksfly11 (0x7fb238f40f88)
[LOG] SoundI::release                          :  (0x7fb238f5d5c8)
[LOG] SoundI::release                          :     415873__inspectorj__buzzing-electric-lamp-a (0x7fb238f89448)
[LOG] SoundI::release                          :  (0x7fb238ffb698)
[LOG] SoundI::release                          :     Short Electric Buzz (0x7fb238f5a308)
[LOG] Thread::callback                         : FMOD Studio update thread finished.
[LOG] Thread::callback                         : FMOD Studio bank load thread finished.
[LOG] Profile::disconnectAll                   : Profiler disconnecting all clients
[LOG] Thread::callback                         : FMOD Studio sample load thread finished.
[LOG] LiveUpdate::release                      : 
[LOG] LiveUpdate::reset                        : Reset connection (reason Disconnected)
[LOG] Thread::callback                         : FMOD stream thread finished.
[LOG] Thread::callback                         : FMOD mixer thread finished.
[LOG] Profile::disconnectAll                   : Profiler disconnecting all clients
[LOG] SystemI::close                           : Closed.
[LOG] Thread::callback                         : FMOD Studio bank load thread finished.
[LOG] Thread::callback                         : FMOD Studio sample load thread finished.
[LOG] LiveUpdate::release                      : 
[LOG] LiveUpdate::reset                        : Reset connection (reason Disconnected)
[LOG] Thread::callback                         : FMOD stream thread finished.
[LOG] Thread::callback                         : FMOD mixer thread finished.
[LOG] SystemI::close                           : Closed.
[LOG] Thread::callback                         : FMOD nonblocking thread (0) finished.
[LOG] Thread::callback                         : FMOD file thread finished.
